<?xml version="1.0" encoding="UTF-8"?>
<!-- Generated by org.testng.reporters.JUnitReportReporter -->
<testsuite skipped="0" hostname="CPX-85J1I2YMCLF" name="demo.Rest.Framework.Template.Update" tests="1" failures="0" timestamp="12 kesÃ¤kuuta 2018 11:16:48 GMT" time="4.905" errors="0">
  <testcase name="Login" time="4.905" classname="demo.Rest.Framework.Template.Update"/>
</testsuite> <!-- demo.Rest.Framework.Template.Update -->
