<?xml version="1.0" encoding="UTF-8"?>
<!-- Generated by org.testng.reporters.JUnitReportReporter -->
<testsuite skipped="0" hostname="CPX-85J1I2YMCLF" name="demo.Rest.Framework.Template.List_Users_Test" tests="1" failures="0" timestamp="11 kesÃ¤kuuta 2018 13:27:05 GMT" time="6.748" errors="0">
  <testcase name="Login" time="6.748" classname="demo.Rest.Framework.Template.List_Users_Test"/>
</testsuite> <!-- demo.Rest.Framework.Template.List_Users_Test -->
